#
# A fatal error has been detected by the Java Runtime Environment:
#
#  SIGSEGV (0xb) at pc=0x00007f86f5016fd1, pid=9929, tid=140217377838848
#
# JRE version: Java(TM) SE Runtime Environment (8.0_25-b17) (build 1.8.0_25-b17)
# Java VM: Java HotSpot(TM) 64-Bit Server VM (25.25-b02 mixed mode linux-amd64 compressed oops)
# Problematic frame:
# j  java.io.ObjectStreamClass$FieldReflector.getObjFieldValues(Ljava/lang/Object;[Ljava/lang/Object;)V+77
#
# Failed to write core dump. Core dumps have been disabled. To enable core dumping, try "ulimit -c unlimited" before starting Java again
#
# If you would like to submit a bug report, please visit:
#   http://bugreport.sun.com/bugreport/crash.jsp
#

---------------  T H R E A D  ---------------

Current thread (0x00007f869c001000):  JavaThread "localhost-startStop-2" daemon [_thread_in_Java, id=12417, stack(0x00007f86e6ef5000,0x00007f86e6ff6000)]

siginfo: si_signo: 11 (SIGSEGV), si_code: 1 (SEGV_MAPERR), si_addr: 0x0000000400806038

Registers:
RAX=0x00000007c0000f28, RBX=0x0000000400806010, RCX=0x0000000000000028, RDX=0x000000077b80e4a0
RSP=0x00007f86e6ff3828, RBP=0x00007f86e6ff3880, RSI=0x00000007c057e348, RDI=0x00007f86e6ff3760
R8 =0x0000000000000000, R9 =0xfffffffffffffff8, R10=0x00007f870c9bed60, R11=0x00007f86f51d4e18
R12=0x0000000000000000, R13=0x00007f86e7373160, R14=0x00007f86e6ff38a8, R15=0x00007f869c001000
RIP=0x00007f86f5016fd1, EFLAGS=0x0000000000010297, CSGSFS=0x0000000000000033, ERR=0x0000000000000004
  TRAPNO=0x000000000000000e

Top of Stack: (sp=0x00007f86e6ff3828)
0x00007f86e6ff3828:   00000007c057e348 0000000000000000
0x00007f86e6ff3838:   000000077b80e490 00007f86e6ff3840
0x00007f86e6ff3848:   00007f86e737315d 00007f86e6ff38a8
0x00007f86e6ff3858:   00007f86e7375c00 0000000000000000
0x00007f86e6ff3868:   00007f86e7373188 0000000000000000
0x00007f86e6ff3878:   00007f86e6ff3898 00007f86e6ff38f0
0x00007f86e6ff3888:   00007f86f500798d 0000000000000000
0x00007f86e6ff3898:   000000077b80e490 00000007729027d0
0x00007f86e6ff38a8:   000000077b803d50 00007f86e6ff38b0
0x00007f86e6ff38b8:   00007f86e736ad0e 00007f86e6ff3910
0x00007f86e6ff38c8:   00007f86e736dfa8 0000000000000000
0x00007f86e6ff38d8:   00007f86e736ad18 00007f86e6ff3898
0x00007f86e6ff38e8:   00007f86e6ff3900 00007f86e6ff3958
0x00007f86e6ff38f8:   00007f86f500798d 000000077b80e490
0x00007f86e6ff3908:   00000007729027d0 000000077b7e11e0
0x00007f86e6ff3918:   00007f86e6ff3918 00007f86ee3b0495
0x00007f86e6ff3928:   00007f86e6ff39b0 00007f86e733b360
0x00007f86e6ff3938:   0000000000000000 00007f86ee3b0570
0x00007f86e6ff3948:   00007f86e6ff3900 00007f86e6ff39a0
0x00007f86e6ff3958:   00007f86e6ff39f8 00007f86f500798d
0x00007f86e6ff3968:   0000000000000000 0000000000000000
0x00007f86e6ff3978:   0000000000000000 000000077b80e490
0x00007f86e6ff3988:   000000077b7fc398 0000000000000000
0x00007f86e6ff3998:   0000000791583220 000000077b7e11e0
0x00007f86e6ff39a8:   00000007729027d0 000000077b6e3e40
0x00007f86e6ff39b8:   00007f86e6ff39b8 00007f86ee3b034b
0x00007f86e6ff39c8:   00007f86e6ff3a48 00007f86e733b360
0x00007f86e6ff39d8:   0000000000000000 00007f86ee3b0398
0x00007f86e6ff39e8:   00007f86e6ff39a0 00007f86e6ff3a38
0x00007f86e6ff39f8:   00007f86e6ff3a90 00007f86f500798d
0x00007f86e6ff3a08:   0000000000000000 0000000000000000
0x00007f86e6ff3a18:   0000000000000000 000000077b7e11e0 

Instructions: (pc=0x00007f86f5016fd1)
0x00007f86f5016fb1:   89 59 10 bf 01 00 00 00 48 89 79 18 48 83 c1 30
0x00007f86f5016fc1:   48 89 4d e0 48 3b d8 0f 84 5a 00 00 00 8b 48 0c
0x00007f86f5016fd1:   48 3b 04 0b 0f 84 4d 00 00 00 83 f9 18 0f 85 22
0x00007f86f5016fe1:   00 00 00 50 48 8b c0 57 48 8b 7b 20 8b 0f 48 83 

Register to memory mapping:

RAX=0x00000007c0000f28 is pointing into metadata
RBX=0x0000000400806010 is an unknown value
RCX=0x0000000000000028 is an unknown value
RDX=0x000000077b80e4a0 is an oop

[error occurred during error reporting (printing register info), id 0xb]

Stack: [0x00007f86e6ef5000,0x00007f86e6ff6000],  sp=0x00007f86e6ff3828,  free space=1018k
Native frames: (J=compiled Java code, j=interpreted, Vv=VM code, C=native code)
j  java.io.ObjectStreamClass$FieldReflector.getObjFieldValues(Ljava/lang/Object;[Ljava/lang/Object;)V+77
j  java.io.ObjectStreamClass.getObjFieldValues(Ljava/lang/Object;[Ljava/lang/Object;)V+6
j  java.io.ObjectOutputStream.defaultWriteFields(Ljava/lang/Object;Ljava/io/ObjectStreamClass;)V+117
j  java.io.ObjectOutputStream.writeSerialData(Ljava/lang/Object;Ljava/io/ObjectStreamClass;)V+211
j  java.io.ObjectOutputStream.writeOrdinaryObject(Ljava/lang/Object;Ljava/io/ObjectStreamClass;Z)V+137
j  java.io.ObjectOutputStream.writeObject0(Ljava/lang/Object;Z)V+506
j  java.io.ObjectOutputStream.defaultWriteFields(Ljava/lang/Object;Ljava/io/ObjectStreamClass;)V+226
j  java.io.ObjectOutputStream.writeSerialData(Ljava/lang/Object;Ljava/io/ObjectStreamClass;)V+211
j  java.io.ObjectOutputStream.writeOrdinaryObject(Ljava/lang/Object;Ljava/io/ObjectStreamClass;Z)V+137
j  java.io.ObjectOutputStream.writeObject0(Ljava/lang/Object;Z)V+506
j  java.io.ObjectOutputStream.defaultWriteFields(Ljava/lang/Object;Ljava/io/ObjectStreamClass;)V+226
j  java.io.ObjectOutputStream.writeSerialData(Ljava/lang/Object;Ljava/io/ObjectStreamClass;)V+211
j  java.io.ObjectOutputStream.writeOrdinaryObject(Ljava/lang/Object;Ljava/io/ObjectStreamClass;Z)V+137
j  java.io.ObjectOutputStream.writeObject0(Ljava/lang/Object;Z)V+506
j  java.io.ObjectOutputStream.writeObject(Ljava/lang/Object;)V+16
j  org.apache.catalina.session.StandardSession.doWriteObject(Ljava/io/ObjectOutputStream;)V+290
j  org.apache.catalina.session.StandardSession.writeObjectData(Ljava/io/ObjectOutputStream;)V+2
j  org.apache.catalina.session.StandardManager.doUnload()V+438
j  org.apache.catalina.session.StandardManager.unload()V+84
j  org.apache.catalina.session.StandardManager.stopInternal()V+32
j  org.apache.catalina.util.LifecycleBase.stop()V+227
j  org.apache.catalina.core.StandardContext.stopInternal()V+120
j  org.apache.catalina.util.LifecycleBase.stop()V+227
j  org.apache.catalina.core.ContainerBase$StopChild.call()Ljava/lang/Void;+19
j  org.apache.catalina.core.ContainerBase$StopChild.call()Ljava/lang/Object;+1
j  java.util.concurrent.FutureTask.run()V+42
j  java.util.concurrent.ThreadPoolExecutor.runWorker(Ljava/util/concurrent/ThreadPoolExecutor$Worker;)V+95
j  java.util.concurrent.ThreadPoolExecutor$Worker.run()V+5
j  java.lang.Thread.run()V+11
v  ~StubRoutines::call_stub
V  [libjvm.so+0x664086]  JavaCalls::call_helper(JavaValue*, methodHandle*, JavaCallArguments*, Thread*)+0x1056
V  [libjvm.so+0x664591]  JavaCalls::call_virtual(JavaValue*, KlassHandle, Symbol*, Symbol*, JavaCallArguments*, Thread*)+0x321
V  [libjvm.so+0x664a37]  JavaCalls::call_virtual(JavaValue*, Handle, KlassHandle, Symbol*, Symbol*, Thread*)+0x47
V  [libjvm.so+0x6dee3e]  thread_entry(JavaThread*, Thread*)+0x7e
V  [libjvm.so+0xa29e8f]  JavaThread::thread_main_inner()+0xdf
V  [libjvm.so+0xa29fbc]  JavaThread::run()+0x11c
V  [libjvm.so+0x8e7d48]  java_start(Thread*)+0x108
C  [libpthread.so.0+0x8182]  start_thread+0xc2


---------------  P R O C E S S  ---------------

Java Threads: ( => current thread )
=>0x00007f869c001000 JavaThread "localhost-startStop-2" daemon [_thread_in_Java, id=12417, stack(0x00007f86e6ef5000,0x00007f86e6ff6000)]
  0x00007f867401c800 JavaThread "Tomcat-startStop-2" daemon [_thread_blocked, id=12416, stack(0x00007f86ed44d000,0x00007f86ed54e000)]
  0x00007f86c8003000 JavaThread "SIGTERM handler" daemon [_thread_blocked, id=12414, stack(0x00007f86e70f7000,0x00007f86e71f8000)]
  0x00007f866c00a000 JavaThread "Thread-2" [_thread_blocked, id=12411, stack(0x00007f86e6ff6000,0x00007f86e70f7000)]
  0x00007f86c8001000 JavaThread "SIGINT handler" daemon [_thread_blocked, id=12408, stack(0x00007f86e71f8000,0x00007f86e72f9000)]
  0x00007f868400c000 JavaThread "http-nio-8080-exec-10" daemon [_thread_blocked, id=10027, stack(0x00007f86e76f9000,0x00007f86e77fa000)]
  0x00007f868400a800 JavaThread "http-nio-8080-exec-9" daemon [_thread_blocked, id=10024, stack(0x00007f86e79fa000,0x00007f86e7afb000)]
  0x00007f8684008800 JavaThread "http-nio-8080-exec-8" daemon [_thread_blocked, id=10023, stack(0x00007f86e7afb000,0x00007f86e7bfc000)]
  0x00007f8684007000 JavaThread "http-nio-8080-exec-7" daemon [_thread_blocked, id=10021, stack(0x00007f86e7bfc000,0x00007f86e7cfd000)]
  0x00007f8690003000 JavaThread "http-nio-8080-exec-6" daemon [_thread_blocked, id=10019, stack(0x00007f86e7cfd000,0x00007f86e7dfe000)]
  0x00007f8684006000 JavaThread "http-nio-8080-exec-5" daemon [_thread_blocked, id=10018, stack(0x00007f86edc54000,0x00007f86edd55000)]
  0x00007f8684005000 JavaThread "http-nio-8080-exec-4" daemon [_thread_blocked, id=10010, stack(0x00007f86edb53000,0x00007f86edc54000)]
  0x00007f8684003800 JavaThread "http-nio-8080-exec-3" daemon [_thread_blocked, id=9975, stack(0x00007f86e7dfe000,0x00007f86e7eff000)]
  0x00007f8690001000 JavaThread "http-nio-8080-exec-2" daemon [_thread_blocked, id=9973, stack(0x00007f86e7eff000,0x00007f86e8000000)]
  0x00007f8684001800 JavaThread "http-nio-8080-exec-1" daemon [_thread_blocked, id=9972, stack(0x00007f86ec045000,0x00007f86ec146000)]
  0x00007f870400f800 JavaThread "DestroyJavaVM" [_thread_blocked, id=9931, stack(0x00007f870d4d2000,0x00007f870d5d3000)]
  0x00007f8704788000 JavaThread "http-nio-8080-Acceptor-0" daemon [_thread_blocked, id=9971, stack(0x00007f86ec146000,0x00007f86ec247000)]
  0x00007f8704785800 JavaThread "http-nio-8080-ClientPoller-1" daemon [_thread_in_native, id=9970, stack(0x00007f86ec247000,0x00007f86ec348000)]
  0x00007f8704784000 JavaThread "http-nio-8080-ClientPoller-0" daemon [_thread_in_native, id=9969, stack(0x00007f86ec348000,0x00007f86ec449000)]
  0x00007f870490a800 JavaThread "NioBlockingSelector.BlockPoller-1" daemon [_thread_in_native, id=9968, stack(0x00007f86ec449000,0x00007f86ec54a000)]
  0x00007f8704a08000 JavaThread "container-0" [_thread_blocked, id=9964, stack(0x00007f86ec74a000,0x00007f86ec84b000)]
  0x00007f86a8261800 JavaThread "Abandoned connection cleanup thread" daemon [_thread_blocked, id=9957, stack(0x00007f86ed34c000,0x00007f86ed44d000)]
  0x00007f87044e7800 JavaThread "FileSystemWatcher: files=#20 cl=sun.misc.Launcher$AppClassLoader@58644d46" daemon [_thread_blocked, id=9948, stack(0x00007f86eefb0000,0x00007f86ef0b1000)]
  0x00007f87044b4800 JavaThread "Service Thread" daemon [_thread_blocked, id=9946, stack(0x00007f86ef1c5000,0x00007f86ef2c6000)]
  0x00007f8704491000 JavaThread "C1 CompilerThread2" daemon [_thread_blocked, id=9945, stack(0x00007f86ef2c6000,0x00007f86ef3c7000)]
  0x00007f8704481000 JavaThread "C2 CompilerThread1" daemon [_thread_blocked, id=9944, stack(0x00007f86ef3c7000,0x00007f86ef4c8000)]
  0x00007f8704488000 JavaThread "C2 CompilerThread0" daemon [_thread_in_native, id=9943, stack(0x00007f86ef4c8000,0x00007f86ef5c9000)]
  0x00007f8704176000 JavaThread "Signal Dispatcher" daemon [_thread_blocked, id=9942, stack(0x00007f86ef731000,0x00007f86ef832000)]
  0x00007f8704149000 JavaThread "Finalizer" daemon [_thread_blocked, id=9941, stack(0x00007f86efafb000,0x00007f86efbfc000)]
  0x00007f8704147000 JavaThread "Reference Handler" daemon [_thread_blocked, id=9940, stack(0x00007f86efbfc000,0x00007f86efcfd000)]

Other Threads:
  0x00007f8704140000 VMThread [stack: 0x00007f86efcfd000,0x00007f86efdfe000] [id=9939]
  0x00007f87044b6800 WatcherThread [stack: 0x00007f86ef0c4000,0x00007f86ef1c5000] [id=9947]

VM state:not at safepoint (normal execution)

VM Mutex/Monitor currently owned by a thread: None

Heap:
 PSYoungGen      total 593920K, used 261214K [0x000000076cb00000, 0x000000079a780000, 0x00000007c0000000)
  eden space 575488K, 42% used [0x000000076cb00000,0x000000077b81ea60,0x000000078fd00000)
  from space 18432K, 99% used [0x0000000791280000,0x0000000792478fb8,0x0000000792480000)
  to   space 22016K, 0% used [0x000000078fd00000,0x000000078fd00000,0x0000000791280000)
 ParOldGen       total 176128K, used 26623K [0x00000006c6000000, 0x00000006d0c00000, 0x000000076cb00000)
  object space 176128K, 15% used [0x00000006c6000000,0x00000006c79ffe08,0x00000006d0c00000)
 Metaspace       used 48691K, capacity 49650K, committed 49752K, reserved 1093632K
  class space    used 5819K, capacity 6008K, committed 6016K, reserved 1048576K

Card table byte_map: [0x00007f8709924000,0x00007f870a0f5000] byte_map_base: 0x00007f87062f4000

Marking Bits: (ParMarkBitMap*) 0x00007f870c9b92c0
 Begin Bits: [0x00007f86d0300000, 0x00007f86d4180000)
 End Bits:   [0x00007f86d4180000, 0x00007f86d8000000)

Polling page: 0x00007f870d5ff000

CodeCache: size=245760Kb used=21943Kb max_used=22447Kb free=223816Kb
 bounds [0x00007f86f5000000, 0x00007f86f6620000, 0x00007f8704000000]
 total_blobs=7217 nmethods=6695 adapters=437
 compilation: enabled

Compilation events (10 events):
Event: 1106.536 Thread 0x00007f8704481000 nmethod 8447 0x00007f86f5d2a8d0 code [0x00007f86f5d2aa80, 0x00007f86f5d2b098]
Event: 1106.536 Thread 0x00007f8704491000 8448       1       java.lang.reflect.InvocationTargetException::getCause (5 bytes)
Event: 1106.537 Thread 0x00007f8704491000 nmethod 8448 0x00007f86f5880d90 code [0x00007f86f5880ee0, 0x00007f86f5880ff0]
Event: 1106.538 Thread 0x00007f8704491000 8449 %     3       sun.security.provider.SHA::implCompress @ 203 (491 bytes)
Event: 1106.541 Thread 0x00007f8704491000 nmethod 8449% 0x00007f86f5848450 code [0x00007f86f5848660, 0x00007f86f5849088]
Event: 1106.543 Thread 0x00007f8704491000 8450       3       org.springsource.loaded.ri.ReflectiveInterceptor::jlClassGetDeclaredField (70 bytes)
Event: 1106.545 Thread 0x00007f8704491000 nmethod 8450 0x00007f86f55ae510 code [0x00007f86f55ae7e0, 0x00007f86f55af7e8]
Event: 1106.547 Thread 0x00007f8704491000 8451       3       sun.reflect.MethodAccessorGenerator::isInterface (8 bytes)
Event: 1106.547 Thread 0x00007f8704488000 8452   !   4       org.springsource.loaded.TypeRegistry::couldBeReloadable (605 bytes)
Event: 1106.547 Thread 0x00007f8704491000 nmethod 8451 0x00007f86f61f9ed0 code [0x00007f86f61fa040, 0x00007f86f61fa268]

GC Heap History (10 events):
Event: 5.891 GC heap before
{Heap before GC invocations=6 (full 1):
 PSYoungGen      total 268288K, used 9868K [0x000000076cb00000, 0x000000078dc00000, 0x00000007c0000000)
  eden space 258048K, 0% used [0x000000076cb00000,0x000000076cb00000,0x000000077c700000)
  from space 10240K, 96% used [0x000000077c700000,0x000000077d0a3080,0x000000077d100000)
  to   space 12800K, 0% used [0x000000078cf80000,0x000000078cf80000,0x000000078dc00000)
 ParOldGen       total 171008K, used 56K [0x00000006c6000000, 0x00000006d0700000, 0x000000076cb00000)
  object space 171008K, 0% used [0x00000006c6000000,0x00000006c600e000,0x00000006d0700000)
 Metaspace       used 20928K, capacity 21064K, committed 21248K, reserved 1069056K
  class space    used 2459K, capacity 2512K, committed 2560K, reserved 1048576K
Event: 6.000 GC heap after
Heap after GC invocations=6 (full 1):
 PSYoungGen      total 268288K, used 0K [0x000000076cb00000, 0x000000078dc00000, 0x00000007c0000000)
  eden space 258048K, 0% used [0x000000076cb00000,0x000000076cb00000,0x000000077c700000)
  from space 10240K, 0% used [0x000000077c700000,0x000000077c700000,0x000000077d100000)
  to   space 12800K, 0% used [0x000000078cf80000,0x000000078cf80000,0x000000078dc00000)
 ParOldGen       total 105472K, used 9700K [0x00000006c6000000, 0x00000006cc700000, 0x000000076cb00000)
  object space 105472K, 9% used [0x00000006c6000000,0x00000006c69793f8,0x00000006cc700000)
 Metaspace       used 20928K, capacity 21064K, committed 21248K, reserved 1069056K
  class space    used 2459K, capacity 2512K, committed 2560K, reserved 1048576K
}
Event: 8.170 GC heap before
{Heap before GC invocations=7 (full 1):
 PSYoungGen      total 268288K, used 258048K [0x000000076cb00000, 0x000000078dc00000, 0x00000007c0000000)
  eden space 258048K, 100% used [0x000000076cb00000,0x000000077c700000,0x000000077c700000)
  from space 10240K, 0% used [0x000000077c700000,0x000000077c700000,0x000000077d100000)
  to   space 12800K, 0% used [0x000000078cf80000,0x000000078cf80000,0x000000078dc00000)
 ParOldGen       total 105472K, used 9700K [0x00000006c6000000, 0x00000006cc700000, 0x000000076cb00000)
  object space 105472K, 9% used [0x00000006c6000000,0x00000006c69793f8,0x00000006cc700000)
 Metaspace       used 27218K, capacity 27504K, committed 27648K, reserved 1073152K
  class space    used 3258K, capacity 3308K, committed 3328K, reserved 1048576K
Event: 8.204 GC heap after
Heap after GC invocations=7 (full 1):
 PSYoungGen      total 400896K, used 12783K [0x000000076cb00000, 0x000000078dc00000, 0x00000007c0000000)
  eden space 388096K, 0% used [0x000000076cb00000,0x000000076cb00000,0x0000000784600000)
  from space 12800K, 99% used [0x000000078cf80000,0x000000078dbfbc40,0x000000078dc00000)
  to   space 14848K, 0% used [0x000000078bf00000,0x000000078bf00000,0x000000078cd80000)
 ParOldGen       total 105472K, used 10142K [0x00000006c6000000, 0x00000006cc700000, 0x000000076cb00000)
  object space 105472K, 9% used [0x00000006c6000000,0x00000006c69e7978,0x00000006cc700000)
 Metaspace       used 27218K, capacity 27504K, committed 27648K, reserved 1073152K
  class space    used 3258K, capacity 3308K, committed 3328K, reserved 1048576K
}
Event: 10.053 GC heap before
{Heap before GC invocations=8 (full 1):
 PSYoungGen      total 400896K, used 148747K [0x000000076cb00000, 0x000000078dc00000, 0x00000007c0000000)
  eden space 388096K, 35% used [0x000000076cb00000,0x0000000774fc72f8,0x0000000784600000)
  from space 12800K, 99% used [0x000000078cf80000,0x000000078dbfbc40,0x000000078dc00000)
  to   space 14848K, 0% used [0x000000078bf00000,0x000000078bf00000,0x000000078cd80000)
 ParOldGen       total 105472K, used 10142K [0x00000006c6000000, 0x00000006cc700000, 0x000000076cb00000)
  object space 105472K, 9% used [0x00000006c6000000,0x00000006c69e7978,0x00000006cc700000)
 Metaspace       used 34841K, capacity 35104K, committed 35416K, reserved 1081344K
  class space    used 4167K, capacity 4216K, committed 4224K, reserved 1048576K
Event: 10.082 GC heap after
Heap after GC invocations=8 (full 1):
 PSYoungGen      total 526848K, used 14841K [0x000000076cb00000, 0x0000000792480000, 0x00000007c0000000)
  eden space 512000K, 0% used [0x000000076cb00000,0x000000076cb00000,0x000000078bf00000)
  from space 14848K, 99% used [0x000000078bf00000,0x000000078cd7e708,0x000000078cd80000)
  to   space 18432K, 0% used [0x0000000791280000,0x0000000791280000,0x0000000792480000)
 ParOldGen       total 105472K, used 12687K [0x00000006c6000000, 0x00000006cc700000, 0x000000076cb00000)
  object space 105472K, 12% used [0x00000006c6000000,0x00000006c6c63e38,0x00000006cc700000)
 Metaspace       used 34841K, capacity 35104K, committed 35416K, reserved 1081344K
  class space    used 4167K, capacity 4216K, committed 4224K, reserved 1048576K
}
Event: 10.082 GC heap before
{Heap before GC invocations=9 (full 2):
 PSYoungGen      total 526848K, used 14841K [0x000000076cb00000, 0x0000000792480000, 0x00000007c0000000)
  eden space 512000K, 0% used [0x000000076cb00000,0x000000076cb00000,0x000000078bf00000)
  from space 14848K, 99% used [0x000000078bf00000,0x000000078cd7e708,0x000000078cd80000)
  to   space 18432K, 0% used [0x0000000791280000,0x0000000791280000,0x0000000792480000)
 ParOldGen       total 105472K, used 12687K [0x00000006c6000000, 0x00000006cc700000, 0x000000076cb00000)
  object space 105472K, 12% used [0x00000006c6000000,0x00000006c6c63e38,0x00000006cc700000)
 Metaspace       used 34841K, capacity 35104K, committed 35416K, reserved 1081344K
  class space    used 4167K, capacity 4216K, committed 4224K, reserved 1048576K
Event: 10.191 GC heap after
Heap after GC invocations=9 (full 2):
 PSYoungGen      total 526848K, used 0K [0x000000076cb00000, 0x0000000792480000, 0x00000007c0000000)
  eden space 512000K, 0% used [0x000000076cb00000,0x000000076cb00000,0x000000078bf00000)
  from space 14848K, 0% used [0x000000078bf00000,0x000000078bf00000,0x000000078cd80000)
  to   space 18432K, 0% used [0x0000000791280000,0x0000000791280000,0x0000000792480000)
 ParOldGen       total 176128K, used 24958K [0x00000006c6000000, 0x00000006d0c00000, 0x000000076cb00000)
  object space 176128K, 14% used [0x00000006c6000000,0x00000006c785f990,0x00000006d0c00000)
 Metaspace       used 34839K, capacity 35102K, committed 35416K, reserved 1081344K
  class space    used 4166K, capacity 4215K, committed 4224K, reserved 1048576K
}
Event: 65.268 GC heap before
{Heap before GC invocations=10 (full 2):
 PSYoungGen      total 526848K, used 512000K [0x000000076cb00000, 0x0000000792480000, 0x00000007c0000000)
  eden space 512000K, 100% used [0x000000076cb00000,0x000000078bf00000,0x000000078bf00000)
  from space 14848K, 0% used [0x000000078bf00000,0x000000078bf00000,0x000000078cd80000)
  to   space 18432K, 0% used [0x0000000791280000,0x0000000791280000,0x0000000792480000)
 ParOldGen       total 176128K, used 24958K [0x00000006c6000000, 0x00000006d0c00000, 0x000000076cb00000)
  object space 176128K, 14% used [0x00000006c6000000,0x00000006c785f990,0x00000006d0c00000)
 Metaspace       used 46989K, capacity 47528K, committed 47832K, reserved 1091584K
  class space    used 5673K, capacity 5785K, committed 5888K, reserved 1048576K
Event: 65.318 GC heap after
Heap after GC invocations=10 (full 2):
 PSYoungGen      total 593920K, used 18403K [0x000000076cb00000, 0x000000079a780000, 0x00000007c0000000)
  eden space 575488K, 0% used [0x000000076cb00000,0x000000076cb00000,0x000000078fd00000)
  from space 18432K, 99% used [0x0000000791280000,0x0000000792478fb8,0x0000000792480000)
  to   space 22016K, 0% used [0x000000078fd00000,0x000000078fd00000,0x0000000791280000)
 ParOldGen       total 176128K, used 26623K [0x00000006c6000000, 0x00000006d0c00000, 0x000000076cb00000)
  object space 176128K, 15% used [0x00000006c6000000,0x00000006c79ffe08,0x00000006d0c00000)
 Metaspace       used 46989K, capacity 47528K, committed 47832K, reserved 1091584K
  class space    used 5673K, capacity 5785K, committed 5888K, reserved 1048576K
}

Deoptimization events (10 events):
Event: 791.857 Thread 0x00007f8684001800 Uncommon trap: reason=array_check action=maybe_recompile pc=0x00007f86f65478cc method=sun.reflect.annotation.AnnotationParser.parseEnumArray(ILjava/lang/Class;Ljava/nio/ByteBuffer;Lsun/reflect/ConstantPool;Ljava/lang/Class;)Ljava/lang/Object; @ 53
Event: 791.858 Thread 0x00007f868400a800 Uncommon trap: reason=array_check action=maybe_recompile pc=0x00007f86f65478cc method=sun.reflect.annotation.AnnotationParser.parseEnumArray(ILjava/lang/Class;Ljava/nio/ByteBuffer;Lsun/reflect/ConstantPool;Ljava/lang/Class;)Ljava/lang/Object; @ 53
Event: 824.568 Thread 0x00007f8684008800 Uncommon trap: reason=unreached action=reinterpret pc=0x00007f86f64abe90 method=org.hibernate.event.internal.DefaultLoadEventListener.doLoad(Lorg/hibernate/event/spi/LoadEvent;Lorg/hibernate/persister/entity/EntityPersister;Lorg/hibernate/engine/spi/Entit
Event: 875.498 Thread 0x00007f8690001000 Uncommon trap: reason=class_check action=maybe_recompile pc=0x00007f86f5eaca3c method=java.nio.charset.CharsetDecoder.reset()Ljava/nio/charset/CharsetDecoder; @ 1
Event: 875.498 Thread 0x00007f868400a800 Uncommon trap: reason=class_check action=maybe_recompile pc=0x00007f86f5eaca3c method=java.nio.charset.CharsetDecoder.reset()Ljava/nio/charset/CharsetDecoder; @ 1
Event: 875.504 Thread 0x00007f8684001800 Uncommon trap: reason=class_check action=maybe_recompile pc=0x00007f86f5eaca3c method=java.nio.charset.CharsetDecoder.reset()Ljava/nio/charset/CharsetDecoder; @ 1
Event: 893.256 Thread 0x00007f8684003800 Uncommon trap: reason=class_check action=maybe_recompile pc=0x00007f86f5eaca3c method=java.nio.charset.CharsetDecoder.reset()Ljava/nio/charset/CharsetDecoder; @ 1
Event: 956.162 Thread 0x00007f8684005000 Uncommon trap: reason=unreached action=reinterpret pc=0x00007f86f64b035c method=org.hibernate.event.internal.DefaultLoadEventListener.doLoad(Lorg/hibernate/event/spi/LoadEvent;Lorg/hibernate/persister/entity/EntityPersister;Lorg/hibernate/engine/spi/Entit
Event: 1106.452 Thread 0x00007f866c00a000 Uncommon trap: reason=class_check action=maybe_recompile pc=0x00007f86f61a5a3c method=java.util.HashSet.clear()V @ 4
Event: 1106.452 Thread 0x00007f866c00a000 Uncommon trap: reason=class_check action=maybe_recompile pc=0x00007f86f61a5a3c method=java.util.HashSet.clear()V @ 4

Internal exceptions (10 events):
Event: 1106.531 Thread 0x00007f869c001000 Exception <a 'java/lang/reflect/InvocationTargetException'> (0x000000077b777170) thrown at [/HUDSON/workspace/8-2-build-linux-amd64/jdk8u25/1514/hotspot/src/share/vm/runtime/reflection.cpp, line 1080]
Event: 1106.532 Thread 0x00007f869c001000 Exception <a 'java/lang/reflect/InvocationTargetException'> (0x000000077b77dcb8) thrown at [/HUDSON/workspace/8-2-build-linux-amd64/jdk8u25/1514/hotspot/src/share/vm/runtime/reflection.cpp, line 1080]
Event: 1106.534 Thread 0x00007f869c001000 Exception <a 'java/lang/reflect/InvocationTargetException'> (0x000000077b7897b8) thrown at [/HUDSON/workspace/8-2-build-linux-amd64/jdk8u25/1514/hotspot/src/share/vm/runtime/reflection.cpp, line 1080]
Event: 1106.535 Thread 0x00007f869c001000 Exception <a 'java/lang/reflect/InvocationTargetException'> (0x000000077b791f90) thrown at [/HUDSON/workspace/8-2-build-linux-amd64/jdk8u25/1514/hotspot/src/share/vm/runtime/reflection.cpp, line 1080]
Event: 1106.535 Thread 0x00007f869c001000 Exception <a 'java/lang/reflect/InvocationTargetException'> (0x000000077b792630) thrown at [/HUDSON/workspace/8-2-build-linux-amd64/jdk8u25/1514/hotspot/src/share/vm/runtime/reflection.cpp, line 1080]
Event: 1106.535 Thread 0x00007f869c001000 Exception <a 'java/lang/reflect/InvocationTargetException'> (0x000000077b79ba28) thrown at [/HUDSON/workspace/8-2-build-linux-amd64/jdk8u25/1514/hotspot/src/share/vm/runtime/reflection.cpp, line 1080]
Event: 1106.537 Thread 0x00007f869c001000 Exception <a 'java/lang/reflect/InvocationTargetException'> (0x000000077b7a6930) thrown at [/HUDSON/workspace/8-2-build-linux-amd64/jdk8u25/1514/hotspot/src/share/vm/runtime/reflection.cpp, line 1080]
Event: 1106.537 Thread 0x00007f869c001000 Exception <a 'java/lang/NoSuchMethodError': <clinit>> (0x000000077b7a6cb0) thrown at [/HUDSON/workspace/8-2-build-linux-amd64/jdk8u25/1514/hotspot/src/share/vm/prims/jni.cpp, line 1603]
Event: 1106.546 Thread 0x00007f869c001000 Exception <a 'java/security/PrivilegedActionException'> (0x000000077b7e1ac8) thrown at [/HUDSON/workspace/8-2-build-linux-amd64/jdk8u25/1514/hotspot/src/share/vm/prims/jvm.cpp, line 1312]
Event: 1106.547 Thread 0x00007f869c001000 Exception <a 'java/security/PrivilegedActionException'> (0x000000077b7ed6e8) thrown at [/HUDSON/workspace/8-2-build-linux-amd64/jdk8u25/1514/hotspot/src/share/vm/prims/jvm.cpp, line 1312]

Events (10 events):
Event: 1106.538 loading class java/io/ObjectStreamClass$5 done
Event: 1106.540 Executing VM operation: BulkRevokeBias
Event: 1106.541 Executing VM operation: BulkRevokeBias done
Event: 1106.543 loading class java/io/SerialCallbackContext
Event: 1106.543 loading class java/io/SerialCallbackContext done
Event: 1106.546 loading class org/springsource/loaded/ri/GetDeclaredFieldLookup
Event: 1106.546 loading class org/springsource/loaded/ri/GetDeclaredFieldLookup done
Event: 1106.546 Thread 0x00007f8704491000 flushing nmethod 0x00007f86f6048690
Event: 1106.547 loading class org/springsource/loaded/ri/FieldLookup$ReloadedTypeFieldRef
Event: 1106.547 loading class org/springsource/loaded/ri/FieldLookup$ReloadedTypeFieldRef done


Dynamic libraries:
00400000-00401000 r-xp 00000000 08:01 6162006                            /usr/local/jdk1.8.0_25/bin/java
00600000-00601000 rw-p 00000000 08:01 6162006                            /usr/local/jdk1.8.0_25/bin/java
01f5a000-01ff1000 rw-p 00000000 00:00 0                                  [heap]
6c6000000-6d0c00000 rw-p 00000000 00:00 0 
6d0c00000-76cb00000 ---p 00000000 00:00 0 
76cb00000-79a780000 rw-p 00000000 00:00 0 
79a780000-7c0000000 ---p 00000000 00:00 0 
7c0000000-7c05e0000 rw-p 00000000 00:00 0 
7c05e0000-800000000 ---p 00000000 00:00 0 
7f866c000000-7f866c021000 rw-p 00000000 00:00 0 
7f866c021000-7f8670000000 ---p 00000000 00:00 0 
7f8670000000-7f867042d000 rw-p 00000000 00:00 0 
7f867042d000-7f8674000000 ---p 00000000 00:00 0 
7f8674000000-7f86740cb000 rw-p 00000000 00:00 0 
7f86740cb000-7f8678000000 ---p 00000000 00:00 0 
7f8678000000-7f8678022000 rw-p 00000000 00:00 0 
7f8678022000-7f867c000000 ---p 00000000 00:00 0 
7f867c000000-7f867c0ac000 rw-p 00000000 00:00 0 
7f867c0ac000-7f8680000000 ---p 00000000 00:00 0 
7f8680000000-7f86802c6000 rw-p 00000000 00:00 0 
7f86802c6000-7f8684000000 ---p 00000000 00:00 0 
7f8684000000-7f8684021000 rw-p 00000000 00:00 0 
7f8684021000-7f8688000000 ---p 00000000 00:00 0 
7f8688000000-7f8688021000 rw-p 00000000 00:00 0 
7f8688021000-7f868c000000 ---p 00000000 00:00 0 
7f868c000000-7f868c021000 rw-p 00000000 00:00 0 
7f868c021000-7f8690000000 ---p 00000000 00:00 0 
7f8690000000-7f8690021000 rw-p 00000000 00:00 0 
7f8690021000-7f8694000000 ---p 00000000 00:00 0 
7f8694000000-7f8694021000 rw-p 00000000 00:00 0 
7f8694021000-7f8698000000 ---p 00000000 00:00 0 
7f8698000000-7f8698021000 rw-p 00000000 00:00 0 
7f8698021000-7f869c000000 ---p 00000000 00:00 0 
7f869c000000-7f869c021000 rw-p 00000000 00:00 0 
7f869c021000-7f86a0000000 ---p 00000000 00:00 0 
7f86a0000000-7f86a0021000 rw-p 00000000 00:00 0 
7f86a0021000-7f86a4000000 ---p 00000000 00:00 0 
7f86a4000000-7f86a411e000 rw-p 00000000 00:00 0 
7f86a411e000-7f86a8000000 ---p 00000000 00:00 0 
7f86a8000000-7f86a88b1000 rw-p 00000000 00:00 0 
7f86a88b1000-7f86ac000000 ---p 00000000 00:00 0 
7f86ac000000-7f86ac021000 rw-p 00000000 00:00 0 
7f86ac021000-7f86b0000000 ---p 00000000 00:00 0 
7f86b0000000-7f86b02e5000 rw-p 00000000 00:00 0 
7f86b02e5000-7f86b4000000 ---p 00000000 00:00 0 
7f86b4000000-7f86b4c58000 rw-p 00000000 00:00 0 
7f86b4c58000-7f86b8000000 ---p 00000000 00:00 0 
7f86b8000000-7f86b8021000 rw-p 00000000 00:00 0 
7f86b8021000-7f86bc000000 ---p 00000000 00:00 0 
7f86bc000000-7f86bd8aa000 rw-p 00000000 00:00 0 
7f86bd8aa000-7f86c0000000 ---p 00000000 00:00 0 
7f86c0000000-7f86c1ed4000 rw-p 00000000 00:00 0 
7f86c1ed4000-7f86c4000000 ---p 00000000 00:00 0 
7f86c4000000-7f86c4021000 rw-p 00000000 00:00 0 
7f86c4021000-7f86c8000000 ---p 00000000 00:00 0 
7f86c8000000-7f86c8021000 rw-p 00000000 00:00 0 
7f86c8021000-7f86cc000000 ---p 00000000 00:00 0 
7f86cc000000-7f86cc021000 rw-p 00000000 00:00 0 
7f86cc021000-7f86d0000000 ---p 00000000 00:00 0 
7f86d0300000-7f86d8000000 rw-p 00000000 00:00 0 
7f86d8000000-7f86d8021000 rw-p 00000000 00:00 0 
7f86d8021000-7f86dc000000 ---p 00000000 00:00 0 
7f86dc000000-7f86dc0fa000 rw-p 00000000 00:00 0 
7f86dc0fa000-7f86e0000000 ---p 00000000 00:00 0 
7f86e0000000-7f86e0021000 rw-p 00000000 00:00 0 
7f86e0021000-7f86e4000000 ---p 00000000 00:00 0 
7f86e6ef5000-7f86e6ef8000 ---p 00000000 00:00 0 
7f86e6ef8000-7f86e6ff6000 rw-p 00000000 00:00 0                          [stack:12417]
7f86e6ff6000-7f86e6ff9000 ---p 00000000 00:00 0 
7f86e6ff9000-7f86e70f7000 rw-p 00000000 00:00 0                          [stack:12411]
7f86e70f7000-7f86e70fa000 ---p 00000000 00:00 0 
7f86e70fa000-7f86e71f8000 rw-p 00000000 00:00 0                          [stack:12414]
7f86e71f8000-7f86e71fb000 ---p 00000000 00:00 0 
7f86e71fb000-7f86e73b9000 rw-p 00000000 00:00 0                          [stack:12408]
7f86e73b9000-7f86e74f9000 ---p 00000000 00:00 0 
7f86e74f9000-7f86e76f9000 rw-p 00000000 00:00 0 
7f86e76f9000-7f86e76fc000 ---p 00000000 00:00 0 
7f86e76fc000-7f86e79fa000 rw-p 00000000 00:00 0                          [stack:10027]
7f86e79fa000-7f86e79fd000 ---p 00000000 00:00 0 
7f86e79fd000-7f86e7afb000 rw-p 00000000 00:00 0                          [stack:10024]
7f86e7afb000-7f86e7afe000 ---p 00000000 00:00 0 
7f86e7afe000-7f86e7bfc000 rw-p 00000000 00:00 0                          [stack:10023]
7f86e7bfc000-7f86e7bff000 ---p 00000000 00:00 0 
7f86e7bff000-7f86e7cfd000 rw-p 00000000 00:00 0                          [stack:10021]
7f86e7cfd000-7f86e7d00000 ---p 00000000 00:00 0 
7f86e7d00000-7f86e7dfe000 rw-p 00000000 00:00 0                          [stack:10019]
7f86e7dfe000-7f86e7e01000 ---p 00000000 00:00 0 
7f86e7e01000-7f86e7eff000 rw-p 00000000 00:00 0                          [stack:9975]
7f86e7eff000-7f86e7f02000 ---p 00000000 00:00 0 
7f86e7f02000-7f86e8000000 rw-p 00000000 00:00 0                          [stack:9973]
7f86e8000000-7f86e8023000 rw-p 00000000 00:00 0 
7f86e8023000-7f86ec000000 ---p 00000000 00:00 0 
7f86ec043000-7f86ec045000 rw-p 00000000 00:00 0 
7f86ec045000-7f86ec048000 ---p 00000000 00:00 0 
7f86ec048000-7f86ec146000 rw-p 00000000 00:00 0                          [stack:9972]
7f86ec146000-7f86ec149000 ---p 00000000 00:00 0 
7f86ec149000-7f86ec247000 rw-p 00000000 00:00 0                          [stack:9971]
7f86ec247000-7f86ec24a000 ---p 00000000 00:00 0 
7f86ec24a000-7f86ec348000 rw-p 00000000 00:00 0                          [stack:9970]
7f86ec348000-7f86ec34b000 ---p 00000000 00:00 0 
7f86ec34b000-7f86ec449000 rw-p 00000000 00:00 0                          [stack:9969]
7f86ec449000-7f86ec44c000 ---p 00000000 00:00 0 
7f86ec44c000-7f86ec74a000 rw-p 00000000 00:00 0                          [stack:9968]
7f86ec74a000-7f86ec74d000 ---p 00000000 00:00 0 
7f86ec74d000-7f86ec84b000 rw-p 00000000 00:00 0                          [stack:9964]
7f86ec84b000-7f86ec84e000 ---p 00000000 00:00 0 
7f86ec84e000-7f86ecb4c000 rw-p 00000000 00:00 0 
7f86ecb4c000-7f86ecd4c000 rw-p 00000000 00:00 0 
7f86ecd4c000-7f86ecf42000 rw-p 00000000 00:00 0 
7f86ecf42000-7f86ecf4c000 ---p 00000000 00:00 0 
7f86ecf4c000-7f86ed14c000 rw-p 00000000 00:00 0 
7f86ed14c000-7f86ed34c000 rw-p 00000000 00:00 0 
7f86ed34c000-7f86ed34f000 ---p 00000000 00:00 0 
7f86ed34f000-7f86ed44d000 rw-p 00000000 00:00 0                          [stack:9957]
7f86ed44d000-7f86ed450000 ---p 00000000 00:00 0 
7f86ed450000-7f86ed74e000 rw-p 00000000 00:00 0                          [stack:12416]
7f86ed74e000-7f86ed94e000 rw-p 00000000 00:00 0 
7f86ed94e000-7f86ed953000 r--s 002f8000 08:01 4199157                    /usr/local/jdk1.8.0_25/jre/lib/charsets.jar
7f86ed953000-7f86edb53000 rw-p 00000000 00:00 0 
7f86edb53000-7f86edb56000 ---p 00000000 00:00 0 
7f86edb56000-7f86edc54000 rw-p 00000000 00:00 0                          [stack:10010]
7f86edc54000-7f86edc57000 ---p 00000000 00:00 0 
7f86edc57000-7f86edf55000 rw-p 00000000 00:00 0                          [stack:10018]
7f86edf55000-7f86edf66000 r-xp 00000000 08:01 5899875                    /usr/local/jdk1.8.0_25/jre/lib/amd64/libnio.so
7f86edf66000-7f86ee165000 ---p 00011000 08:01 5899875                    /usr/local/jdk1.8.0_25/jre/lib/amd64/libnio.so
7f86ee165000-7f86ee166000 rw-p 00010000 08:01 5899875                    /usr/local/jdk1.8.0_25/jre/lib/amd64/libnio.so
7f86ee166000-7f86ee366000 rw-p 00000000 00:00 0 
7f86ee366000-7f86ee36a000 r--s 00093000 08:01 4199168                    /usr/local/jdk1.8.0_25/jre/lib/jsse.jar
7f86ee36a000-7f86ee56a000 rw-p 00000000 00:00 0 
7f86ee56a000-7f86ee76a000 rw-p 00000000 00:00 0 
7f86ee76a000-7f86ee96a000 rw-p 00000000 00:00 0 
7f86ee96a000-7f86eeb6a000 rw-p 00000000 00:00 0 
7f86eeb6a000-7f86eeb80000 r-xp 00000000 08:01 5899850                    /usr/local/jdk1.8.0_25/jre/lib/amd64/libnet.so
7f86eeb80000-7f86eed80000 ---p 00016000 08:01 5899850                    /usr/local/jdk1.8.0_25/jre/lib/amd64/libnet.so
7f86eed80000-7f86eed81000 rw-p 00016000 08:01 5899850                    /usr/local/jdk1.8.0_25/jre/lib/amd64/libnet.so
7f86eed81000-7f86eed89000 r-xp 00000000 08:01 5899835                    /usr/local/jdk1.8.0_25/jre/lib/amd64/libmanagement.so
7f86eed89000-7f86eef89000 ---p 00008000 08:01 5899835                    /usr/local/jdk1.8.0_25/jre/lib/amd64/libmanagement.so
7f86eef89000-7f86eef8a000 rw-p 00008000 08:01 5899835                    /usr/local/jdk1.8.0_25/jre/lib/amd64/libmanagement.so
7f86eef8a000-7f86eef94000 r--s 00116000 08:01 6030399                    /usr/local/jdk1.8.0_25/jre/lib/ext/localedata.jar
7f86eef94000-7f86eefb0000 r--s 00393000 08:01 6030407                    /usr/local/jdk1.8.0_25/jre/lib/ext/cldrdata.jar
7f86eefb0000-7f86eefb3000 ---p 00000000 00:00 0 
7f86eefb3000-7f86ef0b1000 rw-p 00000000 00:00 0                          [stack:9948]
7f86ef0b1000-7f86ef0c4000 r--s 00344000 08:01 4199176                    /usr/local/jdk1.8.0_25/jre/lib/resources.jar
7f86ef0c4000-7f86ef0c5000 ---p 00000000 00:00 0 
7f86ef0c5000-7f86ef1c5000 rw-p 00000000 00:00 0                          [stack:9947]
7f86ef1c5000-7f86ef1c8000 ---p 00000000 00:00 0 
7f86ef1c8000-7f86ef2c6000 rw-p 00000000 00:00 0                          [stack:9946]
7f86ef2c6000-7f86ef2c9000 ---p 00000000 00:00 0 
7f86ef2c9000-7f86ef3c7000 rw-p 00000000 00:00 0                          [stack:9945]
7f86ef3c7000-7f86ef3ca000 ---p 00000000 00:00 0 
7f86ef3ca000-7f86ef4c8000 rw-p 00000000 00:00 0                          [stack:9944]
7f86ef4c8000-7f86ef4cb000 ---p 00000000 00:00 0 
7f86ef4cb000-7f86ef5c9000 rw-p 00000000 00:00 0                          [stack:9943]
7f86ef5c9000-7f86ef5cf000 r--s 0005f000 08:01 3417765                    /home/drig/.gradle/caches/modules-2/files-2.1/org.springframework/springloaded/1.2.0.RELEASE/dd02aa7d9fa802f59bd4bd485e18d55ef5c74bba/springloaded-1.2.0.RELEASE.jar
7f86ef5cf000-7f86ef5d7000 r--s 00028000 08:01 3417259                    /home/drig/.gradle/caches/modules-2/files-2.1/xml-apis/xml-apis/1.3.04/90b215f48fe42776c8c7f6e3509ec54e84fd65ef/xml-apis-1.3.04.jar
7f86ef5d7000-7f86ef5d9000 r--s 00011000 08:01 28842676                   /home/drig/.m2/repository/org/jboss/jandex/1.1.0.Final/jandex-1.1.0.Final.jar
7f86ef5d9000-7f86ef5de000 r--s 00068000 08:01 20192449                   /home/drig/.m2/repository/antlr/antlr/2.7.7/antlr-2.7.7.jar
7f86ef5de000-7f86ef5df000 r--s 00009000 08:01 3414031                    /home/drig/.gradle/caches/modules-2/files-2.1/org.apache.tomcat/tomcat-juli/8.0.22/7baa25fa4e4e909e19308ed37427580460f88dea/tomcat-juli-8.0.22.jar
7f86ef5df000-7f86ef5ea000 r--s 00065000 08:01 3417479                    /home/drig/.gradle/caches/modules-2/files-2.1/ch.qos.logback/logback-core/1.1.3/e3c02049f2dbbc764681b40094ecf0dcbc99b157/logback-core-1.1.3.jar
7f86ef5ea000-7f86ef5f5000 r--s 0004c000 08:01 3413982                    /home/drig/.gradle/caches/modules-2/files-2.1/org.springframework.security/spring-security-core/4.0.1.RELEASE/1593f9715d2413e425972826917b4228e7664915/spring-security-core-4.0.1.RELEASE.jar
7f86ef5f5000-7f86ef5f7000 r--s 00000000 08:01 3417481                    /home/drig/.gradle/caches/modules-2/files-2.1/aopalliance/aopalliance/1.0/235ba8b489512805ac13a8f9ea77a1ca5ebe3e8/aopalliance-1.0.jar
7f86ef5f7000-7f86ef5f9000 r--s 0000d000 08:01 21627820                   /home/drig/.m2/repository/com/fasterxml/classmate/1.0.0/classmate-1.0.0.jar
7f86ef5f9000-7f86ef5fd000 r--s 0000c000 08:01 20061119                   /home/drig/.m2/repository/javax/validation/validation-api/1.1.0.Final/validation-api-1.1.0.Final.jar
7f86ef5fd000-7f86ef601000 r--s 00035000 08:01 3414268                    /home/drig/.gradle/caches/modules-2/files-2.1/com.fasterxml.jackson.core/jackson-core/2.5.3/a8b8a6dfc8a17890e4c7ff8aed810763d265b68b/jackson-core-2.5.3.jar
7f86ef601000-7f86ef603000 r--s 00008000 08:01 3414267                    /home/drig/.gradle/caches/modules-2/files-2.1/com.fasterxml.jackson.core/jackson-annotations/2.5.3/ade455ede4797ed450ca6a56e589a81278fc8f45/jackson-annotations-2.5.3.jar
7f86ef603000-7f86ef609000 r--s 00036000 08:01 3414029                    /home/drig/.gradle/caches/modules-2/files-2.1/org.apache.tomcat.embed/tomcat-embed-websocket/8.0.22/9380cdad5d78dd9edfb81beda73cbef709c3177f/tomcat-embed-websocket-8.0.22.jar
7f86ef609000-7f86ef60a000 r--s 00009000 08:01 3414028                    /home/drig/.gradle/caches/modules-2/files-2.1/org.apache.tomcat.embed/tomcat-embed-logging-juli/8.0.22/ec7072f081a973037e6d5dac3e1cd8644705ec61/tomcat-embed-logging-juli-8.0.22.jar
7f86ef60a000-7f86ef60f000 r--s 00036000 08:01 3414024                    /home/drig/.gradle/caches/modules-2/files-2.1/org.apache.tomcat.embed/tomcat-embed-el/8.0.22/c9a4f96c4a24197b9f0f373d938f7318f1eb79d3/tomcat-embed-el-8.0.22.jar
7f86ef60f000-7f86ef634000 r--s 00286000 08:01 3414027                    /home/drig/.gradle/caches/modules-2/files-2.1/org.apache.tomcat.embed/tomcat-embed-core/8.0.22/d20fc99cc25f477214b90f4362683a123e40bd09/tomcat-embed-core-8.0.22.jar
7f86ef634000-7f86ef635000 r--s 00007000 08:01 3413932                    /home/drig/.gradle/caches/modules-2/files-2.1/org.slf4j/slf4j-api/1.7.12/8e20852d05222dc286bf1c71d78d0531e177c317/slf4j-api-1.7.12.jar
7f86ef635000-7f86ef63d000 r--s 00038000 08:01 3415107                    /home/drig/.gradle/caches/modules-2/files-2.1/org.springframework/spring-tx/4.2.0.BUILD-SNAPSHOT/fdf24fc6c87b7ca3596f45f24c16802f04a7665c/spring-tx-4.2.0.BUILD-SNAPSHOT.jar
7f86ef63d000-7f86ef647000 r--s 00068000 08:01 3415106                    /home/drig/.gradle/caches/modules-2/files-2.1/org.springframework/spring-orm/4.2.0.BUILD-SNAPSHOT/84c5df8d7859add188fa400c9bb281d98b927ad5/spring-orm-4.2.0.BUILD-SNAPSHOT.jar
7f86ef647000-7f86ef656000 r--s 00081000 08:01 3417579                    /home/drig/.gradle/caches/modules-2/files-2.1/org.springframework.data/spring-data-commons/1.10.0.RELEASE/f3c8d801fc68907ddef15d0d28ab2b3564900b14/spring-data-commons-1.10.0.RELEASE.jar
7f86ef656000-7f86ef660000 r--s 000a5000 08:01 22813659                   /home/drig/.m2/repository/org/javassist/javassist/3.18.1-GA/javassist-3.18.1-GA.jar
7f86ef660000-7f86ef665000 r--s 00017000 08:01 28842670                   /home/drig/.m2/repository/org/hibernate/javax/persistence/hibernate-jpa-2.1-api/1.0.0.Final/hibernate-jpa-2.1-api-1.0.0.Final.jar
7f86ef665000-7f86ef668000 r--s 00010000 08:01 3417578                    /home/drig/.gradle/caches/modules-2/files-2.1/org.hibernate.common/hibernate-commons-annotations/4.0.5.Final/2a581b9edb8168e45060d8bad8b7f46712d2c52c/hibernate-commons-annotations-4.0.5.Final.jar
7f86ef668000-7f86ef66d000 r--s 00048000 08:01 20192446                   /home/drig/.m2/repository/dom4j/dom4j/1.6.1/dom4j-1.6.1.jar
7f86ef66d000-7f86ef6cc000 r--s 004ab000 08:01 3414264                    /home/drig/.gradle/caches/modules-2/files-2.1/org.hibernate/hibernate-core/4.3.10.Final/6dbf5fe7a8cb307587ad4b4a97ae0933bba5e2a9/hibernate-core-4.3.10.Final.jar
7f86ef6cc000-7f86ef6cd000 r--s 00002000 08:01 28448151                   /home/drig/.m2/repository/org/jboss/logging/jboss-logging-annotations/1.2.0.Beta1/jboss-logging-annotations-1.2.0.Beta1.jar
7f86ef6cd000-7f86ef6cf000 r--s 0000c000 08:01 22813635                   /home/drig/.m2/repository/org/jboss/logging/jboss-logging/3.1.3.GA/jboss-logging-3.1.3.GA.jar
7f86ef6cf000-7f86ef6d8000 r--s 0005e000 08:01 3415105                    /home/drig/.gradle/caches/modules-2/files-2.1/org.springframework/spring-jdbc/4.2.0.BUILD-SNAPSHOT/aa728b658fcf164195f2bde453c9d37b31cf0655/spring-jdbc-4.2.0.BUILD-SNAPSHOT.jar
7f86ef6d8000-7f86ef6da000 r--s 0001f000 08:01 3414021                    /home/drig/.gradle/caches/modules-2/files-2.1/org.apache.tomcat/tomcat-jdbc/8.0.22/717fd8e480c3a2526205e558bfbf8ae1f8cee92/tomcat-jdbc-8.0.22.jar
7f86ef6da000-7f86ef6f2000 r--s 001af000 08:01 3417574                    /home/drig/.gradle/caches/modules-2/files-2.1/org.aspectj/aspectjweaver/1.8.5/6004670a8cbcbe794d73ad00106779561ad1b180/aspectjweaver-1.8.5.jar
7f86ef6f2000-7f86ef6f6000 r--s 00019000 08:01 3417573                    /home/drig/.gradle/caches/modules-2/files-2.1/org.aspectj/aspectjrt/1.8.5/39a8ff2d1f79267907f5573c090b342b040b9682/aspectjrt-1.8.5.jar
7f86ef6f6000-7f86ef6f7000 r--s 00005000 08:01 3413925                    /home/drig/.gradle/caches/modules-2/files-2.1/org.slf4j/log4j-over-slf4j/1.7.12/d2444c9c7c1923304c25f86c5ee83a79a8166205/log4j-over-slf4j-1.7.12.jar
7f86ef6f7000-7f86ef6fd000 r--s 0003f000 08:01 3417471                    /home/drig/.gradle/caches/modules-2/files-2.1/ch.qos.logback/logback-classic/1.1.3/d90276fff414f06cb375f2057f6778cd63c6082f/logback-classic-1.1.3.jar
7f86ef6fd000-7f86ef702000 r--s 0003c000 08:01 3415104                    /home/drig/.gradle/caches/modules-2/files-2.1/org.springframework/spring-expression/4.2.0.BUILD-SNAPSHOT/64c22d29b67a89c556b6bf6c8f4e6f8967a05c01/spring-expression-4.2.0.BUILD-SNAPSHOT.jar
7f86ef702000-7f86ef71a000 r--s 000f0000 08:01 3415094                    /home/drig/.gradle/caches/modules-2/files-2.1/org.springframework/spring-context/4.2.0.BUILD-SNAPSHOT/a47275a31e8c6c64d63b4ac4ad22aad28e6f9e8c/spring-context-4.2.0.BUILD-SNAPSHOT.jar
7f86ef71a000-7f86ef728000 r--s 000a5000 08:01 3415092                    /home/drig/.gradle/caches/modules-2/files-2.1/org.springframework/spring-beans/4.2.0.BUILD-SNAPSHOT/14d3799605d60f132f3030b2dfde70abf4dee58a/spring-beans-4.2.0.BUILD-SNAPSHOT.jar
7f86ef728000-7f86ef731000 r--s 00050000 08:01 3415085                    /home/drig/.gradle/caches/modules-2/files-2.1/org.springframework/spring-aop/4.2.0.BUILD-SNAPSHOT/93332ab41bb91c23bcfe6ceca88b5972ce3878e2/spring-aop-4.2.0.BUILD-SNAPSHOT.jar
7f86ef731000-7f86ef734000 ---p 00000000 00:00 0 
7f86ef734000-7f86ef832000 rw-p 00000000 00:00 0                          [stack:9942]
7f86ef832000-7f86efafb000 r--p 00000000 08:01 20451249                   /usr/lib/locale/locale-archive
7f86efafb000-7f86efafe000 ---p 00000000 00:00 0 
7f86efafe000-7f86efbfc000 rw-p 00000000 00:00 0                          [stack:9941]
7f86efbfc000-7f86efbff000 ---p 00000000 00:00 0 
7f86efbff000-7f86efcfd000 rw-p 00000000 00:00 0                          [stack:9940]
7f86efcfd000-7f86efcfe000 ---p 00000000 00:00 0 
7f86efcfe000-7f86f0000000 rw-p 00000000 00:00 0                          [stack:9939]
7f86f0000000-7f86f0021000 rw-p 00000000 00:00 0 
7f86f0021000-7f86f4000000 ---p 00000000 00:00 0 
7f86f4000000-7f86f4009000 r--s 00046000 08:01 3413984                    /home/drig/.gradle/caches/modules-2/files-2.1/org.springframework.security/spring-security-web/4.0.1.RELEASE/d5b040641af0f3e35628400e88aa966b5dcf01dc/spring-security-web-4.0.1.RELEASE.jar
7f86f4009000-7f86f4012000 r--s 0006b000 08:01 3413983                    /home/drig/.gradle/caches/modules-2/files-2.1/org.springframework.security/spring-security-config/4.0.1.RELEASE/ea7536e27649b80586d3556d14e6fe723f9cb778/spring-security-config-4.0.1.RELEASE.jar
7f86f4012000-7f86f4022000 r--s 000c2000 08:01 3415076                    /home/drig/.gradle/caches/modules-2/files-2.1/org.springframework/spring-webmvc/4.2.0.BUILD-SNAPSHOT/689c17ceed4b9f4237887980ab22306b688a7c41/spring-webmvc-4.2.0.BUILD-SNAPSHOT.jar
7f86f4022000-7f86f4032000 r--s 000a8000 08:01 3415066                    /home/drig/.gradle/caches/modules-2/files-2.1/org.springframework/spring-web/4.2.0.BUILD-SNAPSHOT/ec7cf1960d98c3fcb1d954c3648e0c8a46279fd6/spring-web-4.2.0.BUILD-SNAPSHOT.jar
7f86f4032000-7f86f4040000 r--s 0008d000 08:01 22675575                   /home/drig/.m2/repository/org/hibernate/hibernate-validator/5.1.3.Final/hibernate-validator-5.1.3.Final.jar
7f86f4040000-7f86f4052000 r--s 00106000 08:01 3414257                    /home/drig/.gradle/caches/modules-2/files-2.1/com.fasterxml.jackson.core/jackson-databind/2.5.3/c37875ff66127d93e5f672708cb2dcc14c8232ab/jackson-databind-2.5.3.jar
7f86f4052000-7f86f4058000 r--s 00036000 08:01 3417570                    /home/drig/.gradle/caches/modules-2/files-2.1/org.springframework.data/spring-data-jpa/1.8.0.RELEASE/13dc24ff3707dbded54d61501260c3fdf5cd9d8c/spring-data-jpa-1.8.0.RELEASE.jar
7f86f4058000-7f86f4db4000 rw-p 00000000 00:00 0 
7f86f4db4000-7f86f4f8a000 r--s 03caa000 08:01 4199165                    /usr/local/jdk1.8.0_25/jre/lib/rt.jar
7f86f4f8a000-7f86f5000000 rw-p 00000000 00:00 0 
7f86f5000000-7f86f6620000 rwxp 00000000 00:00 0 
7f86f6620000-7f8704000000 ---p 00000000 00:00 0 
7f8704000000-7f8704cbf000 rw-p 00000000 00:00 0 
7f8704cbf000-7f8708000000 ---p 00000000 00:00 0 
7f8708000000-7f8708002000 r--s 00000000 08:01 3413924                    /home/drig/.gradle/caches/modules-2/files-2.1/org.slf4j/jul-to-slf4j/1.7.12/8811e2e9ab9055e557598dc9aedc64fd43e0ab20/jul-to-slf4j-1.7.12.jar
7f8708002000-7f8708004000 r--s 00003000 08:01 3413923                    /home/drig/.gradle/caches/modules-2/files-2.1/org.slf4j/jcl-over-slf4j/1.7.12/adef7a9e1263298255fdb5cb107ff171d07c82f3/jcl-over-slf4j-1.7.12.jar
7f8708004000-7f8708005000 r--s 00000000 08:01 3414288                    /home/drig/.gradle/caches/modules-2/files-2.1/org.springframework.boot/spring-boot-starter-tomcat/1.3.0.BUILD-SNAPSHOT/9cab6a59f75db66ad98d304f248a04007d518c3c/spring-boot-starter-tomcat-1.3.0.BUILD-SNAPSHOT.jar
7f8708005000-7f870801a000 r--s 000ea000 08:01 3413890                    /home/drig/.gradle/caches/modules-2/files-2.1/org.springframework/spring-core/4.2.0.BUILD-SNAPSHOT/f1aa2c4316b450fd3d6f02f4fcf2a4c2c6ad26b4/spring-core-4.2.0.BUILD-SNAPSHOT.jar
7f870801a000-7f8708fea000 rw-p 00000000 00:00 0 
7f8708fea000-7f8708feb000 ---p 00000000 00:00 0 
7f8708feb000-7f87090eb000 rw-p 00000000 00:00 0                          [stack:9937]
7f87090eb000-7f87090ec000 ---p 00000000 00:00 0 
7f87090ec000-7f87091ec000 rw-p 00000000 00:00 0                          [stack:9936]
7f87091ec000-7f87091ed000 ---p 00000000 00:00 0 
7f87091ed000-7f87092ed000 rw-p 00000000 00:00 0                          [stack:9935]
7f87092ed000-7f87092ee000 ---p 00000000 00:00 0 
7f87092ee000-7f8709444000 rw-p 00000000 00:00 0                          [stack:9934]
7f8709444000-7f8709924000 ---p 00000000 00:00 0 
7f8709924000-7f870997a000 rw-p 00000000 00:00 0 
7f870997a000-7f8709e59000 ---p 00000000 00:00 0 
7f8709e59000-7f8709fc8000 rw-p 00000000 00:00 0 
7f8709fc8000-7f870a0f4000 ---p 00000000 00:00 0 
7f870a0f4000-7f870a14e000 rw-p 00000000 00:00 0 
7f870a14e000-7f870a4b5000 ---p 00000000 00:00 0 
7f870a4b5000-7f870a4cf000 r-xp 00000000 08:01 5899844                    /usr/local/jdk1.8.0_25/jre/lib/amd64/libzip.so
7f870a4cf000-7f870a6cf000 ---p 0001a000 08:01 5899844                    /usr/local/jdk1.8.0_25/jre/lib/amd64/libzip.so
7f870a6cf000-7f870a6d0000 rw-p 0001a000 08:01 5899844                    /usr/local/jdk1.8.0_25/jre/lib/amd64/libzip.so
7f870a6d0000-7f870a6db000 r-xp 00000000 08:01 8650888                    /lib/x86_64-linux-gnu/libnss_files-2.19.so
7f870a6db000-7f870a8da000 ---p 0000b000 08:01 8650888                    /lib/x86_64-linux-gnu/libnss_files-2.19.so
7f870a8da000-7f870a8db000 r--p 0000a000 08:01 8650888                    /lib/x86_64-linux-gnu/libnss_files-2.19.so
7f870a8db000-7f870a8dc000 rw-p 0000b000 08:01 8650888                    /lib/x86_64-linux-gnu/libnss_files-2.19.so
7f870a8dc000-7f870a8e7000 r-xp 00000000 08:01 8651421                    /lib/x86_64-linux-gnu/libnss_nis-2.19.so
7f870a8e7000-7f870aae6000 ---p 0000b000 08:01 8651421                    /lib/x86_64-linux-gnu/libnss_nis-2.19.so
7f870aae6000-7f870aae7000 r--p 0000a000 08:01 8651421                    /lib/x86_64-linux-gnu/libnss_nis-2.19.so
7f870aae7000-7f870aae8000 rw-p 0000b000 08:01 8651421                    /lib/x86_64-linux-gnu/libnss_nis-2.19.so
7f870aae8000-7f870aaff000 r-xp 00000000 08:01 8651092                    /lib/x86_64-linux-gnu/libnsl-2.19.so
7f870aaff000-7f870acfe000 ---p 00017000 08:01 8651092                    /lib/x86_64-linux-gnu/libnsl-2.19.so
7f870acfe000-7f870acff000 r--p 00016000 08:01 8651092                    /lib/x86_64-linux-gnu/libnsl-2.19.so
7f870acff000-7f870ad00000 rw-p 00017000 08:01 8651092                    /lib/x86_64-linux-gnu/libnsl-2.19.so
7f870ad00000-7f870ad02000 rw-p 00000000 00:00 0 
7f870ad02000-7f870ad0b000 r-xp 00000000 08:01 8651091                    /lib/x86_64-linux-gnu/libnss_compat-2.19.so
7f870ad0b000-7f870af0a000 ---p 00009000 08:01 8651091                    /lib/x86_64-linux-gnu/libnss_compat-2.19.so
7f870af0a000-7f870af0b000 r--p 00008000 08:01 8651091                    /lib/x86_64-linux-gnu/libnss_compat-2.19.so
7f870af0b000-7f870af0c000 rw-p 00009000 08:01 8651091                    /lib/x86_64-linux-gnu/libnss_compat-2.19.so
7f870af0c000-7f870af16000 r-xp 00000000 08:01 5899852                    /usr/local/jdk1.8.0_25/jre/lib/amd64/libinstrument.so
7f870af16000-7f870b115000 ---p 0000a000 08:01 5899852                    /usr/local/jdk1.8.0_25/jre/lib/amd64/libinstrument.so
7f870b115000-7f870b116000 rw-p 00009000 08:01 5899852                    /usr/local/jdk1.8.0_25/jre/lib/amd64/libinstrument.so
7f870b116000-7f870b140000 r-xp 00000000 08:01 5899823                    /usr/local/jdk1.8.0_25/jre/lib/amd64/libjava.so
7f870b140000-7f870b340000 ---p 0002a000 08:01 5899823                    /usr/local/jdk1.8.0_25/jre/lib/amd64/libjava.so
7f870b340000-7f870b342000 rw-p 0002a000 08:01 5899823                    /usr/local/jdk1.8.0_25/jre/lib/amd64/libjava.so
7f870b342000-7f870b34f000 r-xp 00000000 08:01 5899838                    /usr/local/jdk1.8.0_25/jre/lib/amd64/libverify.so
7f870b34f000-7f870b54f000 ---p 0000d000 08:01 5899838                    /usr/local/jdk1.8.0_25/jre/lib/amd64/libverify.so
7f870b54f000-7f870b551000 rw-p 0000d000 08:01 5899838                    /usr/local/jdk1.8.0_25/jre/lib/amd64/libverify.so
7f870b551000-7f870b558000 r-xp 00000000 08:01 8651416                    /lib/x86_64-linux-gnu/librt-2.19.so
7f870b558000-7f870b757000 ---p 00007000 08:01 8651416                    /lib/x86_64-linux-gnu/librt-2.19.so
7f870b757000-7f870b758000 r--p 00006000 08:01 8651416                    /lib/x86_64-linux-gnu/librt-2.19.so
7f870b758000-7f870b759000 rw-p 00007000 08:01 8651416                    /lib/x86_64-linux-gnu/librt-2.19.so
7f870b759000-7f870b85e000 r-xp 00000000 08:01 8650859                    /lib/x86_64-linux-gnu/libm-2.19.so
7f870b85e000-7f870ba5d000 ---p 00105000 08:01 8650859                    /lib/x86_64-linux-gnu/libm-2.19.so
7f870ba5d000-7f870ba5e000 r--p 00104000 08:01 8650859                    /lib/x86_64-linux-gnu/libm-2.19.so
7f870ba5e000-7f870ba5f000 rw-p 00105000 08:01 8650859                    /lib/x86_64-linux-gnu/libm-2.19.so
7f870ba5f000-7f870c6cc000 r-xp 00000000 08:01 5899860                    /usr/local/jdk1.8.0_25/jre/lib/amd64/server/libjvm.so
7f870c6cc000-7f870c8cb000 ---p 00c6d000 08:01 5899860                    /usr/local/jdk1.8.0_25/jre/lib/amd64/server/libjvm.so
7f870c8cb000-7f870c9a1000 rw-p 00c6c000 08:01 5899860                    /usr/local/jdk1.8.0_25/jre/lib/amd64/server/libjvm.so
7f870c9a1000-7f870c9e4000 rw-p 00000000 00:00 0 
7f870c9e4000-7f870cb9f000 r-xp 00000000 08:01 8651107                    /lib/x86_64-linux-gnu/libc-2.19.so
7f870cb9f000-7f870cd9e000 ---p 001bb000 08:01 8651107                    /lib/x86_64-linux-gnu/libc-2.19.so
7f870cd9e000-7f870cda2000 r--p 001ba000 08:01 8651107                    /lib/x86_64-linux-gnu/libc-2.19.so
7f870cda2000-7f870cda4000 rw-p 001be000 08:01 8651107                    /lib/x86_64-linux-gnu/libc-2.19.so
7f870cda4000-7f870cda9000 rw-p 00000000 00:00 0 
7f870cda9000-7f870cdac000 r-xp 00000000 08:01 8651067                    /lib/x86_64-linux-gnu/libdl-2.19.so
7f870cdac000-7f870cfab000 ---p 00003000 08:01 8651067                    /lib/x86_64-linux-gnu/libdl-2.19.so
7f870cfab000-7f870cfac000 r--p 00002000 08:01 8651067                    /lib/x86_64-linux-gnu/libdl-2.19.so
7f870cfac000-7f870cfad000 rw-p 00003000 08:01 8651067                    /lib/x86_64-linux-gnu/libdl-2.19.so
7f870cfad000-7f870cfc2000 r-xp 00000000 08:01 1448866                    /usr/local/jdk1.8.0_25/lib/amd64/jli/libjli.so
7f870cfc2000-7f870d1c1000 ---p 00015000 08:01 1448866                    /usr/local/jdk1.8.0_25/lib/amd64/jli/libjli.so
7f870d1c1000-7f870d1c2000 rw-p 00014000 08:01 1448866                    /usr/local/jdk1.8.0_25/lib/amd64/jli/libjli.so
7f870d1c2000-7f870d1db000 r-xp 00000000 08:01 8651111                    /lib/x86_64-linux-gnu/libpthread-2.19.so
7f870d1db000-7f870d3da000 ---p 00019000 08:01 8651111                    /lib/x86_64-linux-gnu/libpthread-2.19.so
7f870d3da000-7f870d3db000 r--p 00018000 08:01 8651111                    /lib/x86_64-linux-gnu/libpthread-2.19.so
7f870d3db000-7f870d3dc000 rw-p 00019000 08:01 8651111                    /lib/x86_64-linux-gnu/libpthread-2.19.so
7f870d3dc000-7f870d3e0000 rw-p 00000000 00:00 0 
7f870d3e0000-7f870d403000 r-xp 00000000 08:01 8651095                    /lib/x86_64-linux-gnu/ld-2.19.so
7f870d403000-7f870d406000 r--s 0000c000 08:01 3414083                    /home/drig/.gradle/caches/modules-2/files-2.1/org.springframework/spring-aspects/4.2.0.BUILD-SNAPSHOT/457c5c3bc63a0a7ad53794b381b16c4fe5559467/spring-aspects-4.2.0.BUILD-SNAPSHOT.jar
7f870d406000-7f870d408000 r--s 00006000 08:01 3417569                    /home/drig/.gradle/caches/modules-2/files-2.1/javax.transaction/javax.transaction-api/1.2/d81aff979d603edd90dcd8db2abc1f4ce6479e3e/javax.transaction-api-1.2.jar
7f870d408000-7f870d416000 r--s 00091000 08:01 3414254                    /home/drig/.gradle/caches/modules-2/files-2.1/org.hibernate/hibernate-entitymanager/4.3.10.Final/1d1beb7bbd179d9bf241c4a8165f0bf3693aca/hibernate-entitymanager-4.3.10.Final.jar
7f870d416000-7f870d417000 r--s 00000000 08:01 3414286                    /home/drig/.gradle/caches/modules-2/files-2.1/org.springframework.boot/spring-boot-starter-jdbc/1.3.0.BUILD-SNAPSHOT/6025d3fd3653d4594cdb80e45ab83c52a611b701/spring-boot-starter-jdbc-1.3.0.BUILD-SNAPSHOT.jar
7f870d417000-7f870d428000 r--s 00073000 08:01 3414283                    /home/drig/.gradle/caches/modules-2/files-2.1/org.springframework.boot/spring-boot-autoconfigure/1.3.0.BUILD-SNAPSHOT/95956ef89b2915e76aeab562c3dbd0dc684a6e4e/spring-boot-autoconfigure-1.3.0.BUILD-SNAPSHOT.jar
7f870d428000-7f870d4d2000 rw-p 00000000 00:00 0 
7f870d4d2000-7f870d4d5000 ---p 00000000 00:00 0 
7f870d4d5000-7f870d5d7000 rw-p 00000000 00:00 0                          [stack:9931]
7f870d5d7000-7f870d5d8000 r--s 00000000 08:01 3414285                    /home/drig/.gradle/caches/modules-2/files-2.1/org.springframework.boot/spring-boot-starter-aop/1.3.0.BUILD-SNAPSHOT/e2d1949624e0e9f1074aad2eac9350a3d8e46c62/spring-boot-starter-aop-1.3.0.BUILD-SNAPSHOT.jar
7f870d5d8000-7f870d5de000 r--s 0003c000 08:01 3414251                    /home/drig/.gradle/caches/modules-2/files-2.1/org.yaml/snakeyaml/1.15/3b132bea69e8ee099f416044970997bde80f4ea6/snakeyaml-1.15.jar
7f870d5de000-7f870d5df000 r--s 00000000 08:01 3414284                    /home/drig/.gradle/caches/modules-2/files-2.1/org.springframework.boot/spring-boot-starter-logging/1.3.0.BUILD-SNAPSHOT/d8a556aacefbe61474c5bd41eed47c11104fdd6/spring-boot-starter-logging-1.3.0.BUILD-SNAPSHOT.jar
7f870d5df000-7f870d5ea000 r--s 0005f000 08:01 3414282                    /home/drig/.gradle/caches/modules-2/files-2.1/org.springframework.boot/spring-boot/1.3.0.BUILD-SNAPSHOT/9db2c4fb9317293d1157793c40d82eb7449620f4/spring-boot-1.3.0.BUILD-SNAPSHOT.jar
7f870d5ea000-7f870d5f2000 r--s 000cd000 08:01 3417681                    /home/drig/.gradle/caches/modules-2/files-2.1/mysql/mysql-connector-java/5.1.27/2e4fbf71af3fa214951aa32bb6b39076e4e01b6f/mysql-connector-java-5.1.27.jar
7f870d5f2000-7f870d5f3000 r--s 00000000 08:01 3414797                    /home/drig/.gradle/caches/modules-2/files-2.1/org.springframework.boot/spring-boot-starter-security/0.5.0.M6/7eadbd95c0dc9e974608dcad5783de55fddf4e46/spring-boot-starter-security-0.5.0.M6.jar
7f870d5f3000-7f870d5f4000 r--s 00000000 08:01 3417523                    /home/drig/.gradle/caches/modules-2/files-2.1/org.springframework.boot/spring-boot-starter-web/1.2.3.RELEASE/d4a2ea5c2dfa465054d9b2675ff7794d8d97f311/spring-boot-starter-web-1.2.3.RELEASE.jar
7f870d5f4000-7f870d5f5000 r--s 00000000 08:01 3414281                    /home/drig/.gradle/caches/modules-2/files-2.1/org.springframework.boot/spring-boot-starter-data-jpa/1.3.0.BUILD-SNAPSHOT/4768bbd20bd7dd03d308376661b532a760041f4f/spring-boot-starter-data-jpa-1.3.0.BUILD-SNAPSHOT.jar
7f870d5f5000-7f870d5f6000 r--s 00000000 08:01 3414280                    /home/drig/.gradle/caches/modules-2/files-2.1/org.springframework.boot/spring-boot-starter/1.3.0.BUILD-SNAPSHOT/7504db100856ba74ea7ec5cecbf0f6324d2c379f/spring-boot-starter-1.3.0.BUILD-SNAPSHOT.jar
7f870d5f6000-7f870d5fe000 rw-s 00000000 08:01 3414882                    /tmp/hsperfdata_drig/9929
7f870d5fe000-7f870d5ff000 rw-p 00000000 00:00 0 
7f870d5ff000-7f870d600000 r--p 00000000 00:00 0 
7f870d600000-7f870d602000 rw-p 00000000 00:00 0 
7f870d602000-7f870d603000 r--p 00022000 08:01 8651095                    /lib/x86_64-linux-gnu/ld-2.19.so
7f870d603000-7f870d604000 rw-p 00023000 08:01 8651095                    /lib/x86_64-linux-gnu/ld-2.19.so
7f870d604000-7f870d605000 rw-p 00000000 00:00 0 
7fffa4a0f000-7fffa4a33000 rw-p 00000000 00:00 0                          [stack]
7fffa4a59000-7fffa4a5b000 r-xp 00000000 00:00 0                          [vdso]
ffffffffff600000-ffffffffff601000 r-xp 00000000 00:00 0                  [vsyscall]

VM Arguments:
jvm_args: -javaagent:/home/drig/.gradle/caches/modules-2/files-2.1/org.springframework/springloaded/1.2.0.RELEASE/dd02aa7d9fa802f59bd4bd485e18d55ef5c74bba/springloaded-1.2.0.RELEASE.jar -Xverify:none -Dfile.encoding=UTF-8 -Duser.country=US -Duser.language=en -Duser.variant 
java_command: springjam.app.SpringJam
java_class_path (initial): /home/drig/workspace/springjam/src/main/resources:/home/drig/workspace/springjam/build/classes/main:/home/drig/workspace/springjam/build/resources/main:/home/drig/.gradle/caches/modules-2/files-2.1/org.springframework.boot/spring-boot-starter/1.3.0.BUILD-SNAPSHOT/7504db100856ba74ea7ec5cecbf0f6324d2c379f/spring-boot-starter-1.3.0.BUILD-SNAPSHOT.jar:/home/drig/.gradle/caches/modules-2/files-2.1/org.springframework.boot/spring-boot-starter-data-jpa/1.3.0.BUILD-SNAPSHOT/4768bbd20bd7dd03d308376661b532a760041f4f/spring-boot-starter-data-jpa-1.3.0.BUILD-SNAPSHOT.jar:/home/drig/.gradle/caches/modules-2/files-2.1/org.springframework.boot/spring-boot-starter-web/1.2.3.RELEASE/d4a2ea5c2dfa465054d9b2675ff7794d8d97f311/spring-boot-starter-web-1.2.3.RELEASE.jar:/home/drig/.gradle/caches/modules-2/files-2.1/org.springframework.boot/spring-boot-starter-security/0.5.0.M6/7eadbd95c0dc9e974608dcad5783de55fddf4e46/spring-boot-starter-security-0.5.0.M6.jar:/home/drig/.gradle/caches/modules-2/files-2.1/mysql/mysql-connector-java/5.1.27/2e4fbf71af3fa214951aa32bb6b39076e4e01b6f/mysql-connector-java-5.1.27.jar:/home/drig/.gradle/caches/modules-2/files-2.1/org.springframework.boot/spring-boot/1.3.0.BUILD-SNAPSHOT/9db2c4fb9317293d1157793c40d82eb7449620f4/spring-boot-1.3.0.BUILD-SNAPSHOT.jar:/home/drig/.gradle/caches/modules-2/files-2.1/org.springframework.boot/spring-boot-autoconfigure/1.3.0.BUILD-SNAPSHOT/95956ef89b2915e76aeab562c3dbd0dc684a6e4e/spring-boot-autoconfigure-1.3.0.BUILD-SNAPSHOT.jar:/home/drig/.gradle/caches/modules-2/files-2.1/org.springframework.boot/spring-boot-starter-logging/1.3.0.BUILD-SNAPSHOT/d8a556aacefbe61474c5bd41eed47c11104fdd6/spring-boot-starter-logging-1.3.0.BUILD-SNAPSHOT.jar:/home/drig/.gradle/caches/modules-2/files-2.1/org.springframework/spring-core/4.2.0.BUILD-SNAPSHOT/f1aa2c4316b450fd3d6f02f4fcf2a4c2c6ad26b4/spring-core-4.2.0.BUILD-SNAPSHOT.jar:/home/drig/.gradle/caches/modules-2/files-2.1/org.yaml/snakeyaml/1.15/3b132bea69e8ee09
Launcher Type: SUN_STANDARD

Environment Variables:
JAVA_HOME=/usr/local/jdk1.8.0_25/
PATH=/usr/local/jdk1.8.0_25/bin:/usr/local/jdk1.8.0_25/bin:/home/drig/local/node/bin:/usr/local/java/bin:/home/drig/play/:/home/drig/bin:/home/drig/local/node/bin:/usr/local/java/bin:/home/drig/play/:/usr/local/sbin:/usr/local/bin:/usr/sbin:/usr/bin:/sbin:/bin:/usr/games:/usr/local/games
SHELL=/bin/bash
DISPLAY=:0

Signal Handlers:
SIGSEGV: [libjvm.so+0xa79a80], sa_mask[0]=11111111011111111101111111111110, sa_flags=SA_RESTART|SA_SIGINFO
SIGBUS: [libjvm.so+0xa79a80], sa_mask[0]=11111111011111111101111111111110, sa_flags=SA_RESTART|SA_SIGINFO
SIGFPE: [libjvm.so+0x8e24e0], sa_mask[0]=11111111011111111101111111111110, sa_flags=SA_RESTART|SA_SIGINFO
SIGPIPE: [libjvm.so+0x8e24e0], sa_mask[0]=11111111011111111101111111111110, sa_flags=SA_RESTART|SA_SIGINFO
SIGXFSZ: [libjvm.so+0x8e24e0], sa_mask[0]=11111111011111111101111111111110, sa_flags=SA_RESTART|SA_SIGINFO
SIGILL: [libjvm.so+0x8e24e0], sa_mask[0]=11111111011111111101111111111110, sa_flags=SA_RESTART|SA_SIGINFO
SIGUSR1: SIG_DFL, sa_mask[0]=00000000000000000000000000000000, sa_flags=none
SIGUSR2: [libjvm.so+0x8e3d10], sa_mask[0]=00100000000000000000000000000000, sa_flags=SA_RESTART|SA_SIGINFO
SIGHUP: [libjvm.so+0x8e50d0], sa_mask[0]=11111111011111111101111111111110, sa_flags=SA_RESTART|SA_SIGINFO
SIGINT: [libjvm.so+0x8e50d0], sa_mask[0]=11111111011111111101111111111110, sa_flags=SA_RESTART|SA_SIGINFO
SIGTERM: [libjvm.so+0x8e50d0], sa_mask[0]=11111111011111111101111111111110, sa_flags=SA_RESTART|SA_SIGINFO
SIGQUIT: [libjvm.so+0x8e50d0], sa_mask[0]=11111111011111111101111111111110, sa_flags=SA_RESTART|SA_SIGINFO


---------------  S Y S T E M  ---------------

OS:DISTRIB_ID=Ubuntu
DISTRIB_RELEASE=14.04
DISTRIB_CODENAME=trusty
DISTRIB_DESCRIPTION="Ubuntu 14.04.2 LTS"

uname:Linux 3.13.0-49-generic #83-Ubuntu SMP Fri Apr 10 20:11:33 UTC 2015 x86_64
libc:glibc 2.19 NPTL 2.19 
rlimit: STACK 8192k, CORE 0k, NPROC 127812, NOFILE 4096, AS infinity
load average:1.72 1.87 1.90

/proc/meminfo:
MemTotal:       16381660 kB
MemFree:         1191556 kB
Buffers:         1904564 kB
Cached:          4392084 kB
SwapCached:         7132 kB
Active:          9376388 kB
Inactive:        4902560 kB
Active(anon):    6933948 kB
Inactive(anon):  1148096 kB
Active(file):    2442440 kB
Inactive(file):  3754464 kB
Unevictable:        1192 kB
Mlocked:            1192 kB
SwapTotal:      16197628 kB
SwapFree:       16128944 kB
Dirty:             13224 kB
Writeback:             0 kB
AnonPages:       7976648 kB
Mapped:           480964 kB
Shmem:             99744 kB
Slab:             536384 kB
SReclaimable:     471496 kB
SUnreclaim:        64888 kB
KernelStack:        9728 kB
PageTables:        89864 kB
NFS_Unstable:          0 kB
Bounce:                0 kB
WritebackTmp:          0 kB
CommitLimit:    24388456 kB
Committed_AS:   16632908 kB
VmallocTotal:   34359738367 kB
VmallocUsed:      341572 kB
VmallocChunk:   34359392276 kB
HardwareCorrupted:     0 kB
AnonHugePages:   4163584 kB
HugePages_Total:       0
HugePages_Free:        0
HugePages_Rsvd:        0
HugePages_Surp:        0
Hugepagesize:       2048 kB
DirectMap4k:     7830048 kB
DirectMap2M:     8894464 kB
DirectMap1G:           0 kB


CPU:total 4 (4 cores per cpu, 1 threads per core) family 18 model 1 stepping 0, cmov, cx8, fxsr, mmx, sse, sse2, sse3, popcnt, mmxext, 3dnowpref, lzcnt, sse4a, tsc, tscinvbit, tscinv

/proc/cpuinfo:
processor	: 0
vendor_id	: AuthenticAMD
cpu family	: 18
model		: 1
model name	: AMD A6-3620 APU with Radeon(tm) HD Graphics
stepping	: 0
microcode	: 0x3000027
cpu MHz		: 1800.000
cache size	: 1024 KB
physical id	: 0
siblings	: 4
core id		: 0
cpu cores	: 4
apicid		: 0
initial apicid	: 0
fpu		: yes
fpu_exception	: yes
cpuid level	: 6
wp		: yes
flags		: fpu vme de pse tsc msr pae mce cx8 apic sep mtrr pge mca cmov pat pse36 clflush mmx fxsr sse sse2 ht syscall nx mmxext fxsr_opt pdpe1gb rdtscp lm 3dnowext 3dnow constant_tsc rep_good nopl nonstop_tsc extd_apicid aperfmperf pni monitor cx16 popcnt lahf_lm cmp_legacy svm extapic cr8_legacy abm sse4a misalignsse 3dnowprefetch osvw ibs skinit wdt arat cpb hw_pstate npt lbrv svm_lock nrip_save pausefilter vmmcall
bogomips	: 4392.17
TLB size	: 1536 4K pages
clflush size	: 64
cache_alignment	: 64
address sizes	: 40 bits physical, 48 bits virtual
power management: ts ttp tm stc 100mhzsteps hwpstate cpb

processor	: 1
vendor_id	: AuthenticAMD
cpu family	: 18
model		: 1
model name	: AMD A6-3620 APU with Radeon(tm) HD Graphics
stepping	: 0
microcode	: 0x3000027
cpu MHz		: 2200.000
cache size	: 1024 KB
physical id	: 0
siblings	: 4
core id		: 1
cpu cores	: 4
apicid		: 1
initial apicid	: 1
fpu		: yes
fpu_exception	: yes
cpuid level	: 6
wp		: yes
flags		: fpu vme de pse tsc msr pae mce cx8 apic sep mtrr pge mca cmov pat pse36 clflush mmx fxsr sse sse2 ht syscall nx mmxext fxsr_opt pdpe1gb rdtscp lm 3dnowext 3dnow constant_tsc rep_good nopl nonstop_tsc extd_apicid aperfmperf pni monitor cx16 popcnt lahf_lm cmp_legacy svm extapic cr8_legacy abm sse4a misalignsse 3dnowprefetch osvw ibs skinit wdt arat cpb hw_pstate npt lbrv svm_lock nrip_save pausefilter vmmcall
bogomips	: 4392.17
TLB size	: 1536 4K pages
clflush size	: 64
cache_alignment	: 64
address sizes	: 40 bits physical, 48 bits virtual
power management: ts ttp tm stc 100mhzsteps hwpstate cpb

processor	: 2
vendor_id	: AuthenticAMD
cpu family	: 18
model		: 1
model name	: AMD A6-3620 APU with Radeon(tm) HD Graphics
stepping	: 0
microcode	: 0x3000027
cpu MHz		: 2200.000
cache size	: 1024 KB
physical id	: 0
siblings	: 4
core id		: 2
cpu cores	: 4
apicid		: 2
initial apicid	: 2
fpu		: yes
fpu_exception	: yes
cpuid level	: 6
wp		: yes
flags		: fpu vme de pse tsc msr pae mce cx8 apic sep mtrr pge mca cmov pat pse36 clflush mmx fxsr sse sse2 ht syscall nx mmxext fxsr_opt pdpe1gb rdtscp lm 3dnowext 3dnow constant_tsc rep_good nopl nonstop_tsc extd_apicid aperfmperf pni monitor cx16 popcnt lahf_lm cmp_legacy svm extapic cr8_legacy abm sse4a misalignsse 3dnowprefetch osvw ibs skinit wdt arat cpb hw_pstate npt lbrv svm_lock nrip_save pausefilter vmmcall
bogomips	: 4392.17
TLB size	: 1536 4K pages
clflush size	: 64
cache_alignment	: 64
address sizes	: 40 bits physical, 48 bits virtual
power management: ts ttp tm stc 100mhzsteps hwpstate cpb

processor	: 3
vendor_id	: AuthenticAMD
cpu family	: 18
model		: 1
model name	: AMD A6-3620 APU with Radeon(tm) HD Graphics
stepping	: 0
microcode	: 0x3000027
cpu MHz		: 800.000
cache size	: 1024 KB
physical id	: 0
siblings	: 4
core id		: 3
cpu cores	: 4
apicid		: 3
initial apicid	: 3
fpu		: yes
fpu_exception	: yes
cpuid level	: 6
wp		: yes
flags		: fpu vme de pse tsc msr pae mce cx8 apic sep mtrr pge mca cmov pat pse36 clflush mmx fxsr sse sse2 ht syscall nx mmxext fxsr_opt pdpe1gb rdtscp lm 3dnowext 3dnow constant_tsc rep_good nopl nonstop_tsc extd_apicid aperfmperf pni monitor cx16 popcnt lahf_lm cmp_legacy svm extapic cr8_legacy abm sse4a misalignsse 3dnowprefetch osvw ibs skinit wdt arat cpb hw_pstate npt lbrv svm_lock nrip_save pausefilter vmmcall
bogomips	: 4392.17
TLB size	: 1536 4K pages
clflush size	: 64
cache_alignment	: 64
address sizes	: 40 bits physical, 48 bits virtual
power management: ts ttp tm stc 100mhzsteps hwpstate cpb



Memory: 4k page, physical 16381660k(1191556k free), swap 16197628k(16128944k free)

vm_info: Java HotSpot(TM) 64-Bit Server VM (25.25-b02) for linux-amd64 JRE (1.8.0_25-b17), built on Sep 17 2014 17:32:11 by "java_re" with gcc 4.3.0 20080428 (Red Hat 4.3.0-8)

time: Sun May 24 16:13:48 2015
elapsed time: 1106 seconds (0d 0h 18m 26s)

